<?xml version="1.0" encoding="UTF-8"?>
<!-- Generated by org.testng.reporters.JUnitReportReporter -->
<testsuite hostname="LM0003719" failures="0" tests="4" name="XaltsAutomationFramework.TestScript" time="71.042" errors="0" timestamp="2025-05-11T12:49:49 IST" skipped="0">
  <testcase classname="XaltsAutomationFramework.TestScript" name="userSignsUp" time="22.088"/>
  <testcase classname="XaltsAutomationFramework.TestScript" name="userOnboardsNodes" time="39.206"/>
  <testcase classname="XaltsAutomationFramework.TestScript" name="userLaunchOcnNetwork" time="9.014"/>
  <testcase classname="XaltsAutomationFramework.TestScript" name="userSignsOut" time="0.734"/>
</testsuite> <!-- XaltsAutomationFramework.TestScript -->
