<?xml version="1.0" encoding="UTF-8"?>
<!-- Generated by org.testng.reporters.JUnitReportReporter -->
<testsuite hostname="LM0003719" failures="0" tests="4" name="XaltsAutomationFramework.TestScript" time="73.127" errors="0" timestamp="2025-05-11T13:31:46 IST" skipped="0">
  <testcase classname="XaltsAutomationFramework.TestScript" name="signInAndNavigateTest" time="20.441"/>
  <testcase classname="XaltsAutomationFramework.TestScript" name="userOnboardsNodes" time="39.174"/>
  <testcase classname="XaltsAutomationFramework.TestScript" name="userLaunchOcnNetwork" time="12.802"/>
  <testcase classname="XaltsAutomationFramework.TestScript" name="userSignsOut" time="0.710"/>
</testsuite> <!-- XaltsAutomationFramework.TestScript -->
